<?xml version="1.0" encoding="utf-8"?><testsuites name="pytest tests"><testsuite name="pytest" errors="0" failures="0" skipped="0" tests="4" time="0.489" timestamp="2026-06-24T02:42:22.068696+00:00" hostname="agent-env-57ad3fd8-172a-4378-a06b-ed5300ea86f8"><testcase classname="backend.tests.backend_test.TestRoot" name="test_root_status" time="0.273" /><testcase classname="backend.tests.backend_test.TestHealth" name="test_health_status" time="0.052" /><testcase classname="backend.tests.backend_test.TestConfig" name="test_config_returns_supabase" time="0.050" /><testcase classname="backend.tests.backend_test.TestNotFound" name="test_unknown_api_route" time="0.052" /></testsuite></testsuites>