<?xml version="1.0" encoding="utf-8"?><testsuites name="pytest tests"><testsuite name="pytest" errors="0" failures="0" skipped="0" tests="4" time="0.676" timestamp="2026-06-24T01:30:35.677211+00:00" hostname="agent-env-57ad3fd8-172a-4378-a06b-ed5300ea86f8"><testcase classname="backend.tests.backend_test.TestRoot" name="test_root_status" time="0.215" /><testcase classname="backend.tests.backend_test.TestHealth" name="test_health_status" time="0.055" /><testcase classname="backend.tests.backend_test.TestConfig" name="test_config_returns_supabase" time="0.062" /><testcase classname="backend.tests.backend_test.TestNotFound" name="test_unknown_api_route" time="0.049" /></testsuite></testsuites>